Arguments: 
  C:\Program Files\nodejs\node.exe C:\Program Files (x86)\Yarn\bin\yarn.js add multer

PATH: 
  C:\Program Files (x86)\Common Files\Oracle\Java\javapath;C:\Program Files (x86)\NAT Service;C:\WINDOWS\system32;C:\WINDOWS;C:\WINDOWS\System32\Wbem;C:\WINDOWS\System32\WindowsPowerShell\v1.0\;C:\WINDOWS\System32\OpenSSH\;%CATALINA_HOME%\bin;C:\Program Files\Java\jdk-13\bin;C:\Program Files\MySQL\MySQL Server 8.0\bin;C:\Program Files\dotnet\;C:\Program Files\PuTTY\;C:\Program Files\Git\cmd;C:\Program Files\nodejs\;C:\Program Files (x86)\Yarn\bin\;C:\Program Files\MySQL\MySQL Shell 8.0\bin\;C:\Python37\Scripts\;C:\Python37\;C:\Program Files\Java\jdk-13\bin;C:\Users\kdhyo\AppData\Local\Programs\Microsoft VS Code\bin;C:\Users\kdhyo\AppData\Local\Microsoft\WindowsApps;C:\Users\kdhyo\AppData\Roaming\npm;C:\Users\kdhyo\AppData\Local\Yarn\bin

Yarn version: 
  1.22.5

Node version: 
  14.13.0

Platform: 
  win32 x64

Trace: 
  Error: EPERM: operation not permitted, unlink 'D:\helpcat\node_modules\cacache\lib'

npm manifest: 
  {
    "name": "helpcat",
    "version": "1.0.0",
    "main": "index.js",
    "license": "MIT",
    "dependencies": {
      "@prisma/cli": "^2.6.2",
      "@prisma/client": "^2.6.2",
      "babel-cli": "^6.26.0",
      "babel-node": "^0.0.1-security",
      "babel-preset-env": "^1.7.0",
      "babel-preset-stage-3": "^6.24.1",
      "bcryptjs": "^2.4.3",
      "cors": "^2.8.5",
      "crypto": "^1.0.1",
      "dotenv": "^8.2.0",
      "graphql-tools": "^6.2.3",
      "graphql-yoga": "^1.18.3",
      "jsonwebtoken": "^8.5.1",
      "merge-graphql-schemas": "^1.7.8",
      "morgan": "^1.10.0",
      "nodemailer": "^6.4.11",
      "nodemon": "^2.0.4",
      "passport": "^0.4.1",
      "passport-jwt": "^4.0.0",
      "path": "^0.12.7"
    },
    "scripts": {
      "test": "echo \"Error: no test specified\" && exit 1",
      "start": "babel-node src/index.js",
      "dev": "nodemon --exec babel-node src/index.js"
    }
  }

yarn manifest: 
  No manifest

Lockfile: 
  No lockfile
